Start Client
{'play': 'Yunel Escobar homers (2) on a line drive to left center field.  ', 'score': {'home': 2, 'away': 1}}
{'play': 'Yunel Escobar homers (2) on a line drive to left center field.  ', 'score': {'home': 2, 'away': 1}}
{'play': 'Yunel Escobar homers (2) on a line drive to left center field.  ', 'score': {'home': 2, 'away': 1}}
{'play': 'Yunel Escobar homers (2) on a line drive to left center field.  ', 'score': {'home': 2, 'away': 1}}
{'play': 'Yunel Escobar homers (2) on a line drive to left center field.  ', 'score': {'home': 2, 'away': 1}}
{'play': 'Yunel Escobar homers (2) on a line drive to left center field.  ', 'score': {'home': 2, 'away': 1}}
{'play': 'Yunel Escobar homers (2) on a line drive to left center field.  ', 'score': {'home': 2, 'away': 1}}
{'play': 'Yunel Escobar homers (2) on a line drive to left center field.  ', 'score': {'home': 2, 'away': 1}}
{'play': 'Yunel Escobar homers (2) on a line drive to left center field.  ', 'score': {'home': 2, 'away': 1}}
{'play': 'Yunel Escobar homers (2) on a line drive to left center field.  ', 'score': {'home': 2, 'away': 1}}
{'play': 'Yunel Escobar homers (2) on a line drive to left center field.  ', 'score': {'home': 2, 'away': 1}}
{'play': 'Yunel Escobar homers (2) on a line drive to left center field.  ', 'score': {'home': 2, 'away': 1}}
{'play': 'Yunel Escobar homers (2) on a line drive to left center field.  ', 'score': {'home': 2, 'away': 1}}
{'play': 'Yunel Escobar homers (2) on a line drive to left center field.  ', 'score': {'home': 2, 'away': 1}}
{'play': 'Yunel Escobar homers (2) on a line drive to left center field.  ', 'score': {'home': 2, 'away': 1}}
{'play': 'Yunel Escobar homers (2) on a line drive to left center field.  ', 'score': {'home': 2, 'away': 1}}
{'play': 'Yunel Escobar homers (2) on a line drive to left center field.  ', 'score': {'home': 2, 'away': 1}}
{'play': 'Yunel Escobar homers (2) on a line drive to left center field.  ', 'score': {'home': 2, 'away': 1}}
{'play': 'Yunel Escobar homers (2) on a line drive to left center field.  ', 'score': {'home': 2, 'away': 1}}
{'play': 'Yunel Escobar homers (2) on a line drive to left center field.  ', 'score': {'home': 2, 'away': 1}}
Start Client
Yunel Escobar homers (2) on a line drive to left center field.  	None
Yunel Escobar homers (2) on a line drive to left center field.  	None
Yunel Escobar homers (2) on a line drive to left center field.  	None
Yunel Escobar homers (2) on a line drive to left center field.  	None
Yunel Escobar homers (2) on a line drive to left center field.  	None
Yunel Escobar homers (2) on a line drive to left center field.  	None
Yunel Escobar homers (2) on a line drive to left center field.  	None
Yunel Escobar homers (2) on a line drive to left center field.  	None
Yunel Escobar homers (2) on a line drive to left center field.  	None
Yunel Escobar homers (2) on a line drive to left center field.  	None
Yunel Escobar homers (2) on a line drive to left center field.  	None
Yunel Escobar homers (2) on a line drive to left center field.  	None
Yunel Escobar homers (2) on a line drive to left center field.  	None
Yunel Escobar homers (2) on a line drive to left center field.  	None
Yunel Escobar homers (2) on a line drive to left center field.  	None
Yunel Escobar homers (2) on a line drive to left center field.  	None
Yunel Escobar homers (2) on a line drive to left center field.  	None
Yunel Escobar homers (2) on a line drive to left center field.  	None
Yunel Escobar homers (2) on a line drive to left center field.  	None
Yunel Escobar homers (2) on a line drive to left center field.  	None
Yunel Escobar homers (2) on a line drive to left center field.  	None
Yunel Escobar homers (2) on a line drive to left center field.  	None
Yunel Escobar homers (2) on a line drive to left center field.  	None
Yunel Escobar homers (2) on a line drive to left center field.  	None
Yunel Escobar homers (2) on a line drive to left center field.  	None
Start Client
Yunel Escobar homers (2) on a line drive to left center field.  	None
Yunel Escobar homers (2) on a line drive to left center field.  	None
Yunel Escobar homers (2) on a line drive to left center field.  	None
Yunel Escobar homers (2) on a line drive to left center field.  	None
Yunel Escobar homers (2) on a line drive to left center field.  	None
Yunel Escobar homers (2) on a line drive to left center field.  	None
Yunel Escobar homers (2) on a line drive to left center field.  	None
Yunel Escobar homers (2) on a line drive to left center field.  	None
Yunel Escobar homers (2) on a line drive to left center field.  	None
Yunel Escobar homers (2) on a line drive to left center field.  	None
Yunel Escobar homers (2) on a line drive to left center field.  	None
Yunel Escobar homers (2) on a line drive to left center field.  	None
Yunel Escobar homers (2) on a line drive to left center field.  	None
Yunel Escobar homers (2) on a line drive to left center field.  	None
Yunel Escobar homers (2) on a line drive to left center field.  	None
Yunel Escobar homers (2) on a line drive to left center field.  	None
Yunel Escobar homers (2) on a line drive to left center field.  	None
Yunel Escobar homers (2) on a line drive to left center field.  	None
Yunel Escobar homers (2) on a line drive to left center field.  	None
Yunel Escobar homers (2) on a line drive to left center field.  	None
Yunel Escobar homers (2) on a line drive to left center field.  	None
Yunel Escobar homers (2) on a line drive to left center field.  	None
Yunel Escobar homers (2) on a line drive to left center field.  	None
Yunel Escobar homers (2) on a line drive to left center field.  	None
Yunel Escobar homers (2) on a line drive to left center field.  	None
Yunel Escobar homers (2) on a line drive to left center field.  	None
Yunel Escobar homers (2) on a line drive to left center field.  	None
Yunel Escobar homers (2) on a line drive to left center field.  	None
Yunel Escobar homers (2) on a line drive to left center field.  	None
Yunel Escobar homers (2) on a line drive to left center field.  	None
Yunel Escobar homers (2) on a line drive to left center field.  	None
Yunel Escobar homers (2) on a line drive to left center field.  	None
Yunel Escobar homers (2) on a line drive to left center field.  	None
Yunel Escobar homers (2) on a line drive to left center field.  	None
Yunel Escobar homers (2) on a line drive to left center field.  	None
Yunel Escobar homers (2) on a line drive to left center field.  	None
Yunel Escobar homers (2) on a line drive to left center field.  	None
Yunel Escobar homers (2) on a line drive to left center field.  	None
Yunel Escobar homers (2) on a line drive to left center field.  	None
Yunel Escobar homers (2) on a line drive to left center field.  	None
Yunel Escobar homers (2) on a line drive to left center field.  	None
Yunel Escobar homers (2) on a line drive to left center field.  	None
Yunel Escobar homers (2) on a line drive to left center field.  	None
Yunel Escobar homers (2) on a line drive to left center field.  	None
Yunel Escobar homers (2) on a line drive to left center field.  	None
Yunel Escobar homers (2) on a line drive to left center field.  	None
Yunel Escobar homers (2) on a line drive to left center field.  	None
Yunel Escobar homers (2) on a line drive to left center field.  	None
Yunel Escobar homers (2) on a line drive to left center field.  	None
Yunel Escobar homers (2) on a line drive to left center field.  	None
Yunel Escobar homers (2) on a line drive to left center field.  	None
Yunel Escobar homers (2) on a line drive to left center field.  	None
Yunel Escobar homers (2) on a line drive to left center field.  	None
Yunel Escobar homers (2) on a line drive to left center field.  	None
Yunel Escobar homers (2) on a line drive to left center field.  	None
Yunel Escobar homers (2) on a line drive to left center field.  	None
Yunel Escobar homers (2) on a line drive to left center field.  	None
Yunel Escobar homers (2) on a line drive to left center field.  	None
Yunel Escobar homers (2) on a line drive to left center field.  	None
Yunel Escobar homers (2) on a line drive to left center field.  	None
Yunel Escobar homers (2) on a line drive to left center field.  	None
Yunel Escobar homers (2) on a line drive to left center field.  	None
Yunel Escobar homers (2) on a line drive to left center field.  	None
Start Client
Start Client
Start Client
Yunel Escobar homers (2) on a line drive to left center field.  	2
Start Client
Yunel Escobar homers (2) on a line drive to left center field.  	home:	2	away:	1
Start Client
Start Client
Denard Span singles on a ground ball to right fielder Jason Heyward.   Danny Espinosa scores.    Max Scherzer to 3rd.  	home:	1	away:	1
Start Client
2015-04-23 17:35:11.741927	Start Client
Denard Span singles on a ground ball to right fielder Jason Heyward.   Danny Espinosa scores.    Max Scherzer to 3rd.  	home:	1	away:	1
Matt Adams singles on a line drive to left fielder Clint Robinson.   Jason Heyward scores.    Matt Holliday to 2nd.  	1
2015-04-23 17:38:35.597016	Start Client
Matt Adams singles on a line drive to left fielder Clint Robinson.   Jason Heyward scores.    Matt Holliday to 2nd.  	home:	1	away:	2
